
Running 65 tests using 1 worker

  ✓   1 [chromium-pages-preview] › tests\e2e\audio-and-isolation.spec.ts:9:1 › 明示操作前0件から対象音声1件だけを取得し、pause/resume/stop/切替/endedを同期する (2.8s)
  ✓   2 [chromium-pages-preview] › tests\e2e\audio-and-isolation.spec.ts:58:1 › 音声404とplay拒否を対象カードへ隔離し、別音声と再試行を維持する (4.2s)
  ✓   3 [chromium-pages-preview] › tests\e2e\audio-and-isolation.spec.ts:92:1 › 画像404でも主要navigation・音声・クレジット・戻る操作を維持する (3.8s)
  ✓   4 [chromium-pages-preview] › tests\e2e\navigation-and-delivery.spec.ts:5:1 › Pages subpathでhash routeの直開き・再読込・履歴・キーボード遷移が成立する (593ms)
  ✓   5 [chromium-pages-preview] › tests\e2e\navigation-and-delivery.spec.ts:30:1 › catalog異常を再試行可能な全体エラーへ隔離する (221ms)
  ✓   6 [chromium-pages-preview] › tests\e2e\navigation-and-delivery.spec.ts:41:1 › production buildの全公開assetがPages base配下で200を返す (705ms)
  ✓   7 [chromium-pages-preview] › tests\e2e\responsive-accessibility-security.spec.ts:16:3 › mobile-portraitで3操作以内・overflowなし・keyboard/44px targetを満たす (464ms)
  ✓   8 [chromium-pages-preview] › tests\e2e\responsive-accessibility-security.spec.ts:16:3 › mobile-landscapeで3操作以内・overflowなし・keyboard/44px targetを満たす (412ms)
  ✓   9 [chromium-pages-preview] › tests\e2e\responsive-accessibility-security.spec.ts:16:3 › desktopで3操作以内・overflowなし・keyboard/44px targetを満たす (466ms)
  ✓  10 [chromium-pages-preview] › tests\e2e\responsive-accessibility-security.spec.ts:42:1 › 主要routeの見出し・list・button名・画像代替・focus順に重大な構造欠陥がない (454ms)
  ✓  11 [chromium-pages-preview] › tests\e2e\responsive-accessibility-security.spec.ts:59:1 › OS設定とサイト内設定でreduced motionを有効化し情報を保持する (532ms)
  ✓  12 [chromium-pages-preview] › tests\e2e\responsive-accessibility-security.spec.ts:81:1 › footer・クレジット・出典・外部link属性とプライバシー表示が全routeで安全である (552ms)
  ✓  13 [chromium-pages-preview] › tests\e2e\responsive-accessibility-security.spec.ts:110:1 › 外部request・Cookie・storage・form・CSP違反が0件で主要操作を完遂する (3.7s)
  ✓  14 [firefox-pages-preview] › tests\e2e\audio-and-isolation.spec.ts:9:1 › 明示操作前0件から対象音声1件だけを取得し、pause/resume/stop/切替/endedを同期する (4.1s)
  ✓  15 [firefox-pages-preview] › tests\e2e\audio-and-isolation.spec.ts:58:1 › 音声404とplay拒否を対象カードへ隔離し、別音声と再試行を維持する (1.7s)
  ✓  16 [firefox-pages-preview] › tests\e2e\audio-and-isolation.spec.ts:92:1 › 画像404でも主要navigation・音声・クレジット・戻る操作を維持する (4.3s)
  ✓  17 [firefox-pages-preview] › tests\e2e\navigation-and-delivery.spec.ts:5:1 › Pages subpathでhash routeの直開き・再読込・履歴・キーボード遷移が成立する (1.1s)
  ✓  18 [firefox-pages-preview] › tests\e2e\navigation-and-delivery.spec.ts:30:1 › catalog異常を再試行可能な全体エラーへ隔離する (495ms)
  ✓  19 [firefox-pages-preview] › tests\e2e\navigation-and-delivery.spec.ts:41:1 › production buildの全公開assetがPages base配下で200を返す (690ms)
  ✓  20 [firefox-pages-preview] › tests\e2e\responsive-accessibility-security.spec.ts:16:3 › mobile-portraitで3操作以内・overflowなし・keyboard/44px targetを満たす (680ms)
  ✓  21 [firefox-pages-preview] › tests\e2e\responsive-accessibility-security.spec.ts:16:3 › mobile-landscapeで3操作以内・overflowなし・keyboard/44px targetを満たす (643ms)
  ✓  22 [firefox-pages-preview] › tests\e2e\responsive-accessibility-security.spec.ts:16:3 › desktopで3操作以内・overflowなし・keyboard/44px targetを満たす (676ms)
  ✓  23 [firefox-pages-preview] › tests\e2e\responsive-accessibility-security.spec.ts:42:1 › 主要routeの見出し・list・button名・画像代替・focus順に重大な構造欠陥がない (1.2s)
  ✓  24 [firefox-pages-preview] › tests\e2e\responsive-accessibility-security.spec.ts:59:1 › OS設定とサイト内設定でreduced motionを有効化し情報を保持する (1.1s)
  ✓  25 [firefox-pages-preview] › tests\e2e\responsive-accessibility-security.spec.ts:81:1 › footer・クレジット・出典・外部link属性とプライバシー表示が全routeで安全である (869ms)
  ✓  26 [firefox-pages-preview] › tests\e2e\responsive-accessibility-security.spec.ts:110:1 › 外部request・Cookie・storage・form・CSP違反が0件で主要操作を完遂する (1.5s)
  ✓  27 [webkit-pages-preview] › tests\e2e\audio-and-isolation.spec.ts:9:1 › 明示操作前0件から対象音声1件だけを取得し、pause/resume/stop/切替/endedを同期する (8.6s)
  ✓  28 [webkit-pages-preview] › tests\e2e\audio-and-isolation.spec.ts:58:1 › 音声404とplay拒否を対象カードへ隔離し、別音声と再試行を維持する (6.1s)
  ✓  29 [webkit-pages-preview] › tests\e2e\audio-and-isolation.spec.ts:92:1 › 画像404でも主要navigation・音声・クレジット・戻る操作を維持する (5.4s)
  ✓  30 [webkit-pages-preview] › tests\e2e\navigation-and-delivery.spec.ts:5:1 › Pages subpathでhash routeの直開き・再読込・履歴・キーボード遷移が成立する (1.2s)
  ✓  31 [webkit-pages-preview] › tests\e2e\navigation-and-delivery.spec.ts:30:1 › catalog異常を再試行可能な全体エラーへ隔離する (399ms)
  ✓  32 [webkit-pages-preview] › tests\e2e\navigation-and-delivery.spec.ts:41:1 › production buildの全公開assetがPages base配下で200を返す (850ms)
  ✓  33 [webkit-pages-preview] › tests\e2e\responsive-accessibility-security.spec.ts:16:3 › mobile-portraitで3操作以内・overflowなし・keyboard/44px targetを満たす (766ms)
  ✓  34 [webkit-pages-preview] › tests\e2e\responsive-accessibility-security.spec.ts:16:3 › mobile-landscapeで3操作以内・overflowなし・keyboard/44px targetを満たす (651ms)
  ✓  35 [webkit-pages-preview] › tests\e2e\responsive-accessibility-security.spec.ts:16:3 › desktopで3操作以内・overflowなし・keyboard/44px targetを満たす (942ms)
  ✓  36 [webkit-pages-preview] › tests\e2e\responsive-accessibility-security.spec.ts:42:1 › 主要routeの見出し・list・button名・画像代替・focus順に重大な構造欠陥がない (815ms)
  ✓  37 [webkit-pages-preview] › tests\e2e\responsive-accessibility-security.spec.ts:59:1 › OS設定とサイト内設定でreduced motionを有効化し情報を保持する (1.3s)
  ✓  38 [webkit-pages-preview] › tests\e2e\responsive-accessibility-security.spec.ts:81:1 › footer・クレジット・出典・外部link属性とプライバシー表示が全routeで安全である (787ms)
  ✓  39 [webkit-pages-preview] › tests\e2e\responsive-accessibility-security.spec.ts:110:1 › 外部request・Cookie・storage・form・CSP違反が0件で主要操作を完遂する (5.3s)
  ✓  40 [chrome-stable-pages-preview] › tests\e2e\audio-and-isolation.spec.ts:9:1 › 明示操作前0件から対象音声1件だけを取得し、pause/resume/stop/切替/endedを同期する (1.7s)
  ✓  41 [chrome-stable-pages-preview] › tests\e2e\audio-and-isolation.spec.ts:58:1 › 音声404とplay拒否を対象カードへ隔離し、別音声と再試行を維持する (1.5s)
  ✓  42 [chrome-stable-pages-preview] › tests\e2e\audio-and-isolation.spec.ts:92:1 › 画像404でも主要navigation・音声・クレジット・戻る操作を維持する (3.7s)
  ✓  43 [chrome-stable-pages-preview] › tests\e2e\navigation-and-delivery.spec.ts:5:1 › Pages subpathでhash routeの直開き・再読込・履歴・キーボード遷移が成立する (568ms)
  ✓  44 [chrome-stable-pages-preview] › tests\e2e\navigation-and-delivery.spec.ts:30:1 › catalog異常を再試行可能な全体エラーへ隔離する (235ms)
  ✓  45 [chrome-stable-pages-preview] › tests\e2e\navigation-and-delivery.spec.ts:41:1 › production buildの全公開assetがPages base配下で200を返す (702ms)
  ✓  46 [chrome-stable-pages-preview] › tests\e2e\responsive-accessibility-security.spec.ts:16:3 › mobile-portraitで3操作以内・overflowなし・keyboard/44px targetを満たす (445ms)
  ✓  47 [chrome-stable-pages-preview] › tests\e2e\responsive-accessibility-security.spec.ts:16:3 › mobile-landscapeで3操作以内・overflowなし・keyboard/44px targetを満たす (481ms)
  ✓  48 [chrome-stable-pages-preview] › tests\e2e\responsive-accessibility-security.spec.ts:16:3 › desktopで3操作以内・overflowなし・keyboard/44px targetを満たす (506ms)
  ✓  49 [chrome-stable-pages-preview] › tests\e2e\responsive-accessibility-security.spec.ts:42:1 › 主要routeの見出し・list・button名・画像代替・focus順に重大な構造欠陥がない (478ms)
  ✓  50 [chrome-stable-pages-preview] › tests\e2e\responsive-accessibility-security.spec.ts:59:1 › OS設定とサイト内設定でreduced motionを有効化し情報を保持する (562ms)
  ✓  51 [chrome-stable-pages-preview] › tests\e2e\responsive-accessibility-security.spec.ts:81:1 › footer・クレジット・出典・外部link属性とプライバシー表示が全routeで安全である (651ms)
  ✓  52 [chrome-stable-pages-preview] › tests\e2e\responsive-accessibility-security.spec.ts:110:1 › 外部request・Cookie・storage・form・CSP違反が0件で主要操作を完遂する (3.8s)
  ✓  53 [edge-stable-pages-preview] › tests\e2e\audio-and-isolation.spec.ts:9:1 › 明示操作前0件から対象音声1件だけを取得し、pause/resume/stop/切替/endedを同期する (1.7s)
  ✓  54 [edge-stable-pages-preview] › tests\e2e\audio-and-isolation.spec.ts:58:1 › 音声404とplay拒否を対象カードへ隔離し、別音声と再試行を維持する (1.5s)
  ✓  55 [edge-stable-pages-preview] › tests\e2e\audio-and-isolation.spec.ts:92:1 › 画像404でも主要navigation・音声・クレジット・戻る操作を維持する (3.7s)
  ✓  56 [edge-stable-pages-preview] › tests\e2e\navigation-and-delivery.spec.ts:5:1 › Pages subpathでhash routeの直開き・再読込・履歴・キーボード遷移が成立する (589ms)
  ✓  57 [edge-stable-pages-preview] › tests\e2e\navigation-and-delivery.spec.ts:30:1 › catalog異常を再試行可能な全体エラーへ隔離する (279ms)
  ✓  58 [edge-stable-pages-preview] › tests\e2e\navigation-and-delivery.spec.ts:41:1 › production buildの全公開assetがPages base配下で200を返す (663ms)
  ✓  59 [edge-stable-pages-preview] › tests\e2e\responsive-accessibility-security.spec.ts:16:3 › mobile-portraitで3操作以内・overflowなし・keyboard/44px targetを満たす (467ms)
  ✓  60 [edge-stable-pages-preview] › tests\e2e\responsive-accessibility-security.spec.ts:16:3 › mobile-landscapeで3操作以内・overflowなし・keyboard/44px targetを満たす (481ms)
  ✓  61 [edge-stable-pages-preview] › tests\e2e\responsive-accessibility-security.spec.ts:16:3 › desktopで3操作以内・overflowなし・keyboard/44px targetを満たす (499ms)
  ✓  62 [edge-stable-pages-preview] › tests\e2e\responsive-accessibility-security.spec.ts:42:1 › 主要routeの見出し・list・button名・画像代替・focus順に重大な構造欠陥がない (547ms)
  ✓  63 [edge-stable-pages-preview] › tests\e2e\responsive-accessibility-security.spec.ts:59:1 › OS設定とサイト内設定でreduced motionを有効化し情報を保持する (762ms)
  ✓  64 [edge-stable-pages-preview] › tests\e2e\responsive-accessibility-security.spec.ts:81:1 › footer・クレジット・出典・外部link属性とプライバシー表示が全routeで安全である (625ms)
  ✓  65 [edge-stable-pages-preview] › tests\e2e\responsive-accessibility-security.spec.ts:110:1 › 外部request・Cookie・storage・form・CSP違反が0件で主要操作を完遂する (3.8s)

  65 passed (1.8m)
