
Running 52 tests using 1 worker

  ✓   1 [chromium-pages-preview] › tests\e2e\audio-and-isolation.spec.ts:9:1 › 明示操作前0件から対象音声1件だけを取得し、pause/resume/stop/切替/endedを同期する (2.6s)
  ✓   2 [chromium-pages-preview] › tests\e2e\audio-and-isolation.spec.ts:58:1 › 音声404とplay拒否を対象カードへ隔離し、別音声と再試行を維持する (4.1s)
  ✓   3 [chromium-pages-preview] › tests\e2e\audio-and-isolation.spec.ts:92:1 › 画像404でも主要navigation・音声・クレジット・戻る操作を維持する (3.8s)
  ✓   4 [chromium-pages-preview] › tests\e2e\navigation-and-delivery.spec.ts:5:1 › Pages subpathでhash routeの直開き・再読込・履歴・キーボード遷移が成立する (583ms)
  ✓   5 [chromium-pages-preview] › tests\e2e\navigation-and-delivery.spec.ts:30:1 › catalog異常を再試行可能な全体エラーへ隔離する (221ms)
  ✓   6 [chromium-pages-preview] › tests\e2e\navigation-and-delivery.spec.ts:41:1 › production buildの全公開assetがPages base配下で200を返す (761ms)
  ✓   7 [chromium-pages-preview] › tests\e2e\responsive-accessibility-security.spec.ts:16:3 › mobile-portraitで3操作以内・overflowなし・keyboard/44px targetを満たす (398ms)
  ✓   8 [chromium-pages-preview] › tests\e2e\responsive-accessibility-security.spec.ts:16:3 › mobile-landscapeで3操作以内・overflowなし・keyboard/44px targetを満たす (430ms)
  ✓   9 [chromium-pages-preview] › tests\e2e\responsive-accessibility-security.spec.ts:16:3 › desktopで3操作以内・overflowなし・keyboard/44px targetを満たす (495ms)
  ✓  10 [chromium-pages-preview] › tests\e2e\responsive-accessibility-security.spec.ts:42:1 › 主要routeの見出し・list・button名・画像代替・focus順に重大な構造欠陥がない (520ms)
  ✓  11 [chromium-pages-preview] › tests\e2e\responsive-accessibility-security.spec.ts:59:1 › OS設定とサイト内設定でreduced motionを有効化し情報を保持する (585ms)
  ✓  12 [chromium-pages-preview] › tests\e2e\responsive-accessibility-security.spec.ts:81:1 › footer・クレジット・出典・外部link属性とプライバシー表示が全routeで安全である (565ms)
  ✓  13 [chromium-pages-preview] › tests\e2e\responsive-accessibility-security.spec.ts:110:1 › 外部request・Cookie・storage・form・CSP違反が0件で主要操作を完遂する (3.8s)
  ✓  14 [firefox-pages-preview] › tests\e2e\audio-and-isolation.spec.ts:9:1 › 明示操作前0件から対象音声1件だけを取得し、pause/resume/stop/切替/endedを同期する (3.5s)
  ✓  15 [firefox-pages-preview] › tests\e2e\audio-and-isolation.spec.ts:58:1 › 音声404とplay拒否を対象カードへ隔離し、別音声と再試行を維持する (6.5s)
  ✓  16 [firefox-pages-preview] › tests\e2e\audio-and-isolation.spec.ts:92:1 › 画像404でも主要navigation・音声・クレジット・戻る操作を維持する (6.0s)
  ✓  17 [firefox-pages-preview] › tests\e2e\navigation-and-delivery.spec.ts:5:1 › Pages subpathでhash routeの直開き・再読込・履歴・キーボード遷移が成立する (1.2s)
  ✓  18 [firefox-pages-preview] › tests\e2e\navigation-and-delivery.spec.ts:30:1 › catalog異常を再試行可能な全体エラーへ隔離する (468ms)
  ✓  19 [firefox-pages-preview] › tests\e2e\navigation-and-delivery.spec.ts:41:1 › production buildの全公開assetがPages base配下で200を返す (722ms)
  ✓  20 [firefox-pages-preview] › tests\e2e\responsive-accessibility-security.spec.ts:16:3 › mobile-portraitで3操作以内・overflowなし・keyboard/44px targetを満たす (642ms)
  ✓  21 [firefox-pages-preview] › tests\e2e\responsive-accessibility-security.spec.ts:16:3 › mobile-landscapeで3操作以内・overflowなし・keyboard/44px targetを満たす (698ms)
  ✓  22 [firefox-pages-preview] › tests\e2e\responsive-accessibility-security.spec.ts:16:3 › desktopで3操作以内・overflowなし・keyboard/44px targetを満たす (744ms)
  ✓  23 [firefox-pages-preview] › tests\e2e\responsive-accessibility-security.spec.ts:42:1 › 主要routeの見出し・list・button名・画像代替・focus順に重大な構造欠陥がない (1.3s)
  ✓  24 [firefox-pages-preview] › tests\e2e\responsive-accessibility-security.spec.ts:59:1 › OS設定とサイト内設定でreduced motionを有効化し情報を保持する (1.1s)
  ✓  25 [firefox-pages-preview] › tests\e2e\responsive-accessibility-security.spec.ts:81:1 › footer・クレジット・出典・外部link属性とプライバシー表示が全routeで安全である (775ms)
  ✓  26 [firefox-pages-preview] › tests\e2e\responsive-accessibility-security.spec.ts:110:1 › 外部request・Cookie・storage・form・CSP違反が0件で主要操作を完遂する (4.5s)
  ✓  27 [webkit-pages-preview] › tests\e2e\audio-and-isolation.spec.ts:9:1 › 明示操作前0件から対象音声1件だけを取得し、pause/resume/stop/切替/endedを同期する (8.4s)
  ✓  28 [webkit-pages-preview] › tests\e2e\audio-and-isolation.spec.ts:58:1 › 音声404とplay拒否を対象カードへ隔離し、別音声と再試行を維持する (6.0s)
  ✓  29 [webkit-pages-preview] › tests\e2e\audio-and-isolation.spec.ts:92:1 › 画像404でも主要navigation・音声・クレジット・戻る操作を維持する (5.1s)
  ✓  30 [webkit-pages-preview] › tests\e2e\navigation-and-delivery.spec.ts:5:1 › Pages subpathでhash routeの直開き・再読込・履歴・キーボード遷移が成立する (1.2s)
  ✓  31 [webkit-pages-preview] › tests\e2e\navigation-and-delivery.spec.ts:30:1 › catalog異常を再試行可能な全体エラーへ隔離する (366ms)
  ✓  32 [webkit-pages-preview] › tests\e2e\navigation-and-delivery.spec.ts:41:1 › production buildの全公開assetがPages base配下で200を返す (840ms)
  ✓  33 [webkit-pages-preview] › tests\e2e\responsive-accessibility-security.spec.ts:16:3 › mobile-portraitで3操作以内・overflowなし・keyboard/44px targetを満たす (671ms)
  ✓  34 [webkit-pages-preview] › tests\e2e\responsive-accessibility-security.spec.ts:16:3 › mobile-landscapeで3操作以内・overflowなし・keyboard/44px targetを満たす (630ms)
  ✓  35 [webkit-pages-preview] › tests\e2e\responsive-accessibility-security.spec.ts:16:3 › desktopで3操作以内・overflowなし・keyboard/44px targetを満たす (1.0s)
  ✓  36 [webkit-pages-preview] › tests\e2e\responsive-accessibility-security.spec.ts:42:1 › 主要routeの見出し・list・button名・画像代替・focus順に重大な構造欠陥がない (671ms)
  ✓  37 [webkit-pages-preview] › tests\e2e\responsive-accessibility-security.spec.ts:59:1 › OS設定とサイト内設定でreduced motionを有効化し情報を保持する (1.3s)
  ✓  38 [webkit-pages-preview] › tests\e2e\responsive-accessibility-security.spec.ts:81:1 › footer・クレジット・出典・外部link属性とプライバシー表示が全routeで安全である (809ms)
  ✓  39 [webkit-pages-preview] › tests\e2e\responsive-accessibility-security.spec.ts:110:1 › 外部request・Cookie・storage・form・CSP違反が0件で主要操作を完遂する (5.4s)
  ✓  40 [android-equivalent-pages-preview] › tests\e2e\audio-and-isolation.spec.ts:9:1 › 明示操作前0件から対象音声1件だけを取得し、pause/resume/stop/切替/endedを同期する (5.7s)
  ✓  41 [android-equivalent-pages-preview] › tests\e2e\audio-and-isolation.spec.ts:58:1 › 音声404とplay拒否を対象カードへ隔離し、別音声と再試行を維持する (3.9s)
  ✓  42 [android-equivalent-pages-preview] › tests\e2e\audio-and-isolation.spec.ts:92:1 › 画像404でも主要navigation・音声・クレジット・戻る操作を維持する (3.8s)
  ✓  43 [android-equivalent-pages-preview] › tests\e2e\navigation-and-delivery.spec.ts:5:1 › Pages subpathでhash routeの直開き・再読込・履歴・キーボード遷移が成立する (681ms)
  ✓  44 [android-equivalent-pages-preview] › tests\e2e\navigation-and-delivery.spec.ts:30:1 › catalog異常を再試行可能な全体エラーへ隔離する (274ms)
  ✓  45 [android-equivalent-pages-preview] › tests\e2e\navigation-and-delivery.spec.ts:41:1 › production buildの全公開assetがPages base配下で200を返す (808ms)
  ✓  46 [android-equivalent-pages-preview] › tests\e2e\responsive-accessibility-security.spec.ts:16:3 › mobile-portraitで3操作以内・overflowなし・keyboard/44px targetを満たす (555ms)
  ✓  47 [android-equivalent-pages-preview] › tests\e2e\responsive-accessibility-security.spec.ts:16:3 › mobile-landscapeで3操作以内・overflowなし・keyboard/44px targetを満たす (479ms)
  ✓  48 [android-equivalent-pages-preview] › tests\e2e\responsive-accessibility-security.spec.ts:16:3 › desktopで3操作以内・overflowなし・keyboard/44px targetを満たす (898ms)
  ✓  49 [android-equivalent-pages-preview] › tests\e2e\responsive-accessibility-security.spec.ts:42:1 › 主要routeの見出し・list・button名・画像代替・focus順に重大な構造欠陥がない (572ms)
  ✓  50 [android-equivalent-pages-preview] › tests\e2e\responsive-accessibility-security.spec.ts:59:1 › OS設定とサイト内設定でreduced motionを有効化し情報を保持する (737ms)
  ✓  51 [android-equivalent-pages-preview] › tests\e2e\responsive-accessibility-security.spec.ts:81:1 › footer・クレジット・出典・外部link属性とプライバシー表示が全routeで安全である (692ms)
  ✓  52 [android-equivalent-pages-preview] › tests\e2e\responsive-accessibility-security.spec.ts:110:1 › 外部request・Cookie・storage・form・CSP違反が0件で主要操作を完遂する (3.8s)

  52 passed (1.8m)
